# Logfile created on 2016-03-16 16:37:23 +0900 by logger.rb/44203
I, [2016-03-16T16:37:23.732891 #8076]  INFO -- : 0:  coderay (1.1.1) from /share/google-index-count/bundle/ruby/2.1.0/specifications/coderay-1.1.1.gemspec
I, [2016-03-16T16:37:24.368440 #8076]  INFO -- : 0:  method_source (0.8.2) from /share/google-index-count/bundle/ruby/2.1.0/specifications/method_source-0.8.2.gemspec
I, [2016-03-16T16:37:24.965450 #8076]  INFO -- : 0:  mini_portile2 (2.0.0) from /share/google-index-count/bundle/ruby/2.1.0/specifications/mini_portile2-2.0.0.gemspec
I, [2016-03-16T16:39:01.005679 #8076]  INFO -- : 0:  nokogiri (1.6.7.2) from /share/google-index-count/bundle/ruby/2.1.0/specifications/nokogiri-1.6.7.2.gemspec
I, [2016-03-16T16:39:01.436235 #8076]  INFO -- : 0:  slop (3.6.0) from /share/google-index-count/bundle/ruby/2.1.0/specifications/slop-3.6.0.gemspec
I, [2016-03-16T16:39:02.236764 #8076]  INFO -- : 0:  pry (0.10.3) from /share/google-index-count/bundle/ruby/2.1.0/specifications/pry-0.10.3.gemspec
I, [2016-03-16T16:39:02.237645 #8076]  INFO -- : 0:  bundler (1.5.0) from /home/vagrant/.rvm/gems/ruby-2.1.0@global/gems/bundler-1.5.0/lib/bundler/source
I, [2016-03-16T17:28:16.478715 #29260]  INFO -- : 0:  addressable (2.4.0) from /share/google-index-count/bundle/ruby/2.1.0/specifications/addressable-2.4.0.gemspec
I, [2016-03-16T17:28:16.976380 #29260]  INFO -- : 0:  mime-types-data (3.2016.0221) from /share/google-index-count/bundle/ruby/2.1.0/specifications/mime-types-data-3.2016.0221.gemspec
I, [2016-03-16T17:28:17.498290 #29260]  INFO -- : 0:  mime-types (3.0) from /share/google-index-count/bundle/ruby/2.1.0/specifications/mime-types-3.0.gemspec
I, [2016-03-16T17:28:17.500782 #29260]  INFO -- : 0:  mini_portile2 (2.0.0) from /share/google-index-count/bundle/ruby/2.1.0/specifications/mini_portile2-2.0.0.gemspec
I, [2016-03-16T17:28:17.502625 #29260]  INFO -- : 0:  nokogiri (1.6.7.2) from /share/google-index-count/bundle/ruby/2.1.0/specifications/nokogiri-1.6.7.2.gemspec
I, [2016-03-16T17:28:18.365583 #29260]  INFO -- : 0:  rack (1.6.4) from /share/google-index-count/bundle/ruby/2.1.0/specifications/rack-1.6.4.gemspec
I, [2016-03-16T17:28:18.808455 #29260]  INFO -- : 0:  rack-test (0.6.3) from /share/google-index-count/bundle/ruby/2.1.0/specifications/rack-test-0.6.3.gemspec
I, [2016-03-16T17:28:19.280113 #29260]  INFO -- : 0:  xpath (2.0.0) from /share/google-index-count/bundle/ruby/2.1.0/specifications/xpath-2.0.0.gemspec
I, [2016-03-16T17:28:20.012617 #29260]  INFO -- : 0:  capybara (2.6.2) from /share/google-index-count/bundle/ruby/2.1.0/specifications/capybara-2.6.2.gemspec
I, [2016-03-16T17:28:20.427338 #29260]  INFO -- : 0:  cliver (0.3.2) from /share/google-index-count/bundle/ruby/2.1.0/specifications/cliver-0.3.2.gemspec
I, [2016-03-16T17:28:20.850660 #29260]  INFO -- : 0:  multi_json (1.11.2) from /share/google-index-count/bundle/ruby/2.1.0/specifications/multi_json-1.11.2.gemspec
I, [2016-03-16T17:28:21.257811 #29260]  INFO -- : 0:  websocket-extensions (0.1.2) from /share/google-index-count/bundle/ruby/2.1.0/specifications/websocket-extensions-0.1.2.gemspec
I, [2016-03-16T17:28:22.139575 #29260]  INFO -- : 0:  websocket-driver (0.6.3) from /share/google-index-count/bundle/ruby/2.1.0/specifications/websocket-driver-0.6.3.gemspec
I, [2016-03-16T17:28:22.721445 #29260]  INFO -- : 0:  poltergeist (1.9.0) from /share/google-index-count/bundle/ruby/2.1.0/specifications/poltergeist-1.9.0.gemspec
I, [2016-03-16T17:28:22.722024 #29260]  INFO -- : 0:  bundler (1.5.0) from /home/vagrant/.rvm/gems/ruby-2.1.0@global/gems/bundler-1.5.0/lib/bundler/source
I, [2016-03-16T18:59:57.783235 #32303]  INFO -- : 0:  addressable (2.4.0) from /share/google-index-count/bundle/ruby/2.1.0/specifications/addressable-2.4.0.gemspec
I, [2016-03-16T18:59:59.184781 #32303]  INFO -- : 0:  multipart-post (2.0.0) from /share/google-index-count/bundle/ruby/2.1.0/specifications/multipart-post-2.0.0.gemspec
I, [2016-03-16T18:59:59.643443 #32303]  INFO -- : 0:  faraday (0.9.2) from /share/google-index-count/bundle/ruby/2.1.0/specifications/faraday-0.9.2.gemspec
I, [2016-03-16T19:00:00.073704 #32303]  INFO -- : 0:  jwt (1.5.3) from /share/google-index-count/bundle/ruby/2.1.0/specifications/jwt-1.5.3.gemspec
I, [2016-03-16T19:00:00.461022 #32303]  INFO -- : 0:  little-plugger (1.1.4) from /share/google-index-count/bundle/ruby/2.1.0/specifications/little-plugger-1.1.4.gemspec
I, [2016-03-16T19:00:00.465914 #32303]  INFO -- : 0:  multi_json (1.11.2) from /share/google-index-count/bundle/ruby/2.1.0/specifications/multi_json-1.11.2.gemspec
I, [2016-03-16T19:00:01.229032 #32303]  INFO -- : 0:  logging (2.1.0) from /share/google-index-count/bundle/ruby/2.1.0/specifications/logging-2.1.0.gemspec
I, [2016-03-16T19:00:01.711553 #32303]  INFO -- : 0:  memoist (0.14.0) from /share/google-index-count/bundle/ruby/2.1.0/specifications/memoist-0.14.0.gemspec
I, [2016-03-16T19:00:02.175210 #32303]  INFO -- : 0:  os (0.9.6) from /share/google-index-count/bundle/ruby/2.1.0/specifications/os-0.9.6.gemspec
I, [2016-03-16T19:00:02.728757 #32303]  INFO -- : 0:  signet (0.7.2) from /share/google-index-count/bundle/ruby/2.1.0/specifications/signet-0.7.2.gemspec
I, [2016-03-16T19:00:03.242662 #32303]  INFO -- : 0:  googleauth (0.5.1) from /share/google-index-count/bundle/ruby/2.1.0/specifications/googleauth-0.5.1.gemspec
I, [2016-03-16T19:00:03.997970 #32303]  INFO -- : 0:  httpclient (2.7.1) from /share/google-index-count/bundle/ruby/2.1.0/specifications/httpclient-2.7.1.gemspec
I, [2016-03-16T19:00:04.478957 #32303]  INFO -- : 0:  hurley (0.2) from /share/google-index-count/bundle/ruby/2.1.0/specifications/hurley-0.2.gemspec
I, [2016-03-16T19:00:04.492843 #32303]  INFO -- : 0:  mime-types-data (3.2016.0221) from /share/google-index-count/bundle/ruby/2.1.0/specifications/mime-types-data-3.2016.0221.gemspec
I, [2016-03-16T19:00:04.494901 #32303]  INFO -- : 0:  mime-types (3.0) from /share/google-index-count/bundle/ruby/2.1.0/specifications/mime-types-3.0.gemspec
I, [2016-03-16T19:00:04.883671 #32303]  INFO -- : 0:  uber (0.0.15) from /share/google-index-count/bundle/ruby/2.1.0/specifications/uber-0.0.15.gemspec
I, [2016-03-16T19:00:05.519425 #32303]  INFO -- : 0:  representable (2.3.0) from /share/google-index-count/bundle/ruby/2.1.0/specifications/representable-2.3.0.gemspec
I, [2016-03-16T19:00:05.970527 #32303]  INFO -- : 0:  retriable (2.1.0) from /share/google-index-count/bundle/ruby/2.1.0/specifications/retriable-2.1.0.gemspec
I, [2016-03-16T19:00:06.607550 #32303]  INFO -- : 0:  thor (0.19.1) from /share/google-index-count/bundle/ruby/2.1.0/specifications/thor-0.19.1.gemspec
I, [2016-03-16T19:00:08.910661 #32303]  INFO -- : 0:  google-api-client (0.9.4) from /share/google-index-count/bundle/ruby/2.1.0/specifications/google-api-client-0.9.4.gemspec
I, [2016-03-16T19:00:08.911566 #32303]  INFO -- : 0:  mini_portile2 (2.0.0) from /share/google-index-count/bundle/ruby/2.1.0/specifications/mini_portile2-2.0.0.gemspec
I, [2016-03-16T19:00:08.912575 #32303]  INFO -- : 0:  nokogiri (1.6.7.2) from /share/google-index-count/bundle/ruby/2.1.0/specifications/nokogiri-1.6.7.2.gemspec
I, [2016-03-16T19:00:08.913674 #32303]  INFO -- : 0:  bundler (1.5.0) from /home/vagrant/.rvm/gems/ruby-2.1.0@global/gems/bundler-1.5.0/lib/bundler/source
